[    0.000000] Initializing cgroup subsys cpuset
[    0.000000] Initializing cgroup subsys cpu
[    0.000000] Initializing cgroup subsys cpuacct
[    0.000000] Linux version 4.4.0-78-generic (buildd@lgw01-39) (gcc version 5.4.0 20160609 (Ubuntu 5.4.0-6ubuntu1~16.04.4) ) #99-Ubuntu SMP Thu Apr 27 15:28:22 UTC 2017 (Ubuntu 4.4.0-78.99-generic 4.4.62)
[    0.000000] KERNEL supported cpus:
[    0.000000]   Intel GenuineIntel
[    0.000000]   AMD AuthenticAMD
[    0.000000]   NSC Geode by NSC
[    0.000000]   Cyrix CyrixInstead
[    0.000000]   Centaur CentaurHauls
[    0.000000]   Transmeta GenuineTMx86
[    0.000000]   Transmeta TransmetaCPU
[    0.000000]   UMC UMC UMC UMC
[    0.000000] ------------[ cut here ]------------
[    0.000000] WARNING: CPU: 0 PID: 0 at /build/linux-gdUUdb/linux-4.4.0/arch/x86/kernel/fpu/xstate.c:517 fpu__init_system_xstate+0x34a/0x6e8()
[    0.000000] XSAVE consistency problem, dumping leaves
[    0.000000] Modules linked in:
[    0.000000] CPU: 0 PID: 0 Comm: swapper Not tainted 4.4.0-78-generic #99-Ubuntu
[    0.000000]  c1ae5967 d240dcc1 00200086 c1adfe98 c13acebf c1adfed8 c19c738c c1adfec8
[    0.000000]  c1070337 c19c7520 c1adfef8 00000000 c19c738c 00000205 c1bad0ef c1bad0ef
[    0.000000]  00000008 00000340 c1adff14 c1adfee4 c10703ae 00000009 c1adfed8 c19c7520
[    0.000000] Call Trace:
[    0.000000]  [<c13acebf>] dump_stack+0x58/0x79
[    0.000000]  [<c1070337>] warn_slowpath_common+0x87/0xc0
[    0.000000]  [<c1bad0ef>] ? fpu__init_system_xstate+0x34a/0x6e8
[    0.000000]  [<c1bad0ef>] ? fpu__init_system_xstate+0x34a/0x6e8
[    0.000000]  [<c10703ae>] warn_slowpath_fmt+0x3e/0x60
[    0.000000]  [<c1bad0ef>] fpu__init_system_xstate+0x34a/0x6e8
[    0.000000]  [<c1bacad1>] fpu__init_system+0x11e/0x24d
[    0.000000]  [<c103be11>] ? early_init_intel+0xc1/0x330
[    0.000000]  [<c1badb2b>] early_cpu_init+0x14e/0x156
[    0.000000]  [<c1badb2b>] ? early_cpu_init+0x14e/0x156
[    0.000000]  [<c1ba9156>] setup_arch+0xfb/0xd14
[    0.000000]  [<c1b9f894>] start_kernel+0xc2/0x407
[    0.000000]  [<c1398e43>] ? msdos_partition+0x7f3/0xac0
[    0.000000]  [<c1b9f2ff>] i386_start_kernel+0x9a/0x9e
[    0.000000] ---[ end trace 4d5ff9f2f68c4233 ]---
[    0.000000] CPUID[0d, 00]: eax=00000007 ebx=00000440 ecx=00000440 edx=00000000
[    0.000000] CPUID[0d, 01]: eax=00000000 ebx=000003c0 ecx=00000000 edx=00000000
[    0.000000] CPUID[0d, 02]: eax=00000100 ebx=00000240 ecx=00000000 edx=00000000
[    0.000000] CPUID[0d, 03]: eax=00000000 ebx=00000000 ecx=00000000 edx=00000000
[    0.000000] CPUID[0d, 04]: eax=00000000 ebx=00000000 ecx=00000000 edx=00000000
[    0.000000] CPUID[0d, 05]: eax=00000000 ebx=00000000 ecx=00000000 edx=00000000
[    0.000000] CPUID[0d, 06]: eax=00000000 ebx=00000000 ecx=00000000 edx=00000000
[    0.000000] CPUID[0d, 07]: eax=00000000 ebx=00000000 ecx=00000000 edx=00000000
[    0.000000] CPUID[0d, 08]: eax=00000000 ebx=00000000 ecx=00000000 edx=00000000
[    0.000000] CPUID[0d, 09]: eax=00000000 ebx=00000000 ecx=00000000 edx=00000000
[    0.000000] CPUID[0d, 0a]: eax=00000000 ebx=00000000 ecx=00000000 edx=00000000
[    0.000000] CPUID[0d, 0b]: eax=00000000 ebx=00000000 ecx=00000000 edx=00000000
[    0.000000] CPUID[0d, 0c]: eax=00000000 ebx=00000000 ecx=00000000 edx=00000000
[    0.000000] CPUID[0d, 0d]: eax=00000000 ebx=00000000 ecx=00000000 edx=00000000
[    0.000000] CPUID[0d, 0e]: eax=00000000 ebx=00000000 ecx=00000000 edx=00000000
[    0.000000] CPUID[0d, 0f]: eax=00000000 ebx=00000000 ecx=00000000 edx=00000000
[    0.000000] CPUID[0d, 10]: eax=00000000 ebx=00000000 ecx=00000000 edx=00000000
[    0.000000] CPUID[0d, 11]: eax=00000000 ebx=00000000 ecx=00000000 edx=00000000
[    0.000000] x86/fpu: xstate_offset[2]:  576, xstate_sizes[2]:  256
[    0.000000] x86/fpu: Supporting XSAVE feature 0x01: 'x87 floating point registers'
[    0.000000] x86/fpu: Supporting XSAVE feature 0x02: 'SSE registers'
[    0.000000] x86/fpu: Supporting XSAVE feature 0x04: 'AVX registers'
[    0.000000] x86/fpu: Enabled xstate features 0x7, context size is 1088 bytes, using 'standard' format.
[    0.000000] x86/fpu: Using 'lazy' FPU context switches.
[    0.000000] e820: BIOS-provided physical RAM map:
[    0.000000] BIOS-e820: [mem 0x0000000000000000-0x000000000009fbff] usable
[    0.000000] BIOS-e820: [mem 0x000000000009fc00-0x000000000009ffff] reserved
[    0.000000] BIOS-e820: [mem 0x00000000000f0000-0x00000000000fffff] reserved
[    0.000000] BIOS-e820: [mem 0x0000000000100000-0x000000005ffeffff] usable
[    0.000000] BIOS-e820: [mem 0x000000005fff0000-0x000000005fffffff] ACPI data
[    0.000000] BIOS-e820: [mem 0x00000000fec00000-0x00000000fec00fff] reserved
[    0.000000] BIOS-e820: [mem 0x00000000fee00000-0x00000000fee00fff] reserved
[    0.000000] BIOS-e820: [mem 0x00000000fffc0000-0x00000000ffffffff] reserved
[    0.000000] NX (Execute Disable) protection: active
[    0.000000] SMBIOS 2.5 present.
[    0.000000] Hypervisor detected: KVM
[    0.000000] e820: last_pfn = 0x5fff0 max_arch_pfn = 0x1000000
[    0.000000] MTRR: Disabled
[    0.000000] x86/PAT: MTRRs disabled, skipping PAT initialization too.
[    0.000000] x86/PAT: Configuration [0-7]: WB  WT  UC- UC  WB  WT  UC- UC  
[    0.000000] CPU MTRRs all blank - virtualized system.
[    0.000000] found SMP MP-table at [mem 0x0009fff0-0x0009ffff] mapped at [c009fff0]
[    0.000000] Scanning 1 areas for low memory corruption
[    0.000000] RAMDISK: [mem 0x36ac6000-0x3755afff]
[    0.000000] ACPI: Early table checksum verification disabled
[    0.000000] ACPI: RSDP 0x00000000000E0000 000024 (v02 VBOX  )
[    0.000000] ACPI: XSDT 0x000000005FFF0030 00003C (v01 VBOX   VBOXXSDT 00000001 ASL  00000061)
[    0.000000] ACPI: FACP 0x000000005FFF00F0 0000F4 (v04 VBOX   VBOXFACP 00000001 ASL  00000061)
[    0.000000] ACPI: DSDT 0x000000005FFF0470 0021C8 (v02 VBOX   VBOXBIOS 00000002 INTL 20100528)
[    0.000000] ACPI: FACS 0x000000005FFF0200 000040
[    0.000000] ACPI: FACS 0x000000005FFF0200 000040
[    0.000000] ACPI: APIC 0x000000005FFF0240 00005C (v02 VBOX   VBOXAPIC 00000001 ASL  00000061)
[    0.000000] ACPI: SSDT 0x000000005FFF02A0 0001CC (v01 VBOX   VBOXCPUT 00000002 INTL 20100528)
[    0.000000] 643MB HIGHMEM available.
[    0.000000] 891MB LOWMEM available.
[    0.000000]   mapped low ram: 0 - 37bfe000
[    0.000000]   low ram: 0 - 37bfe000
[    0.000000] kvm-clock: Using msrs 4b564d01 and 4b564d00
[    0.000000] kvm-clock: cpu 0, msr 0:37bfd001, primary cpu clock
[    0.000000] kvm-clock: using sched offset of 5305594630 cycles
[    0.000000] clocksource: kvm-clock: mask: 0xffffffffffffffff max_cycles: 0x1cd42e4dffb, max_idle_ns: 881590591483 ns
[    0.000000] Zone ranges:
[    0.000000]   DMA      [mem 0x0000000000001000-0x0000000000ffffff]
[    0.000000]   Normal   [mem 0x0000000001000000-0x0000000037bfdfff]
[    0.000000]   HighMem  [mem 0x0000000037bfe000-0x000000005ffeffff]
[    0.000000] Movable zone start for each node
[    0.000000] Early memory node ranges
[    0.000000]   node   0: [mem 0x0000000000001000-0x000000000009efff]
[    0.000000]   node   0: [mem 0x0000000000100000-0x000000005ffeffff]
[    0.000000] Initmem setup node 0 [mem 0x0000000000001000-0x000000005ffeffff]
[    0.000000] Using APIC driver default
[    0.000000] ACPI: PM-Timer IO Port: 0x4008
[    0.000000] IOAPIC[0]: apic_id 2, version 32, address 0xfec00000, GSI 0-23
[    0.000000] ACPI: INT_SRC_OVR (bus 0 bus_irq 0 global_irq 2 dfl dfl)
[    0.000000] ACPI: INT_SRC_OVR (bus 0 bus_irq 9 global_irq 9 high level)
[    0.000000] Using ACPI (MADT) for SMP configuration information
[    0.000000] smpboot: Allowing 2 CPUs, 0 hotplug CPUs
[    0.000000] PM: Registered nosave memory: [mem 0x00000000-0x00000fff]
[    0.000000] PM: Registered nosave memory: [mem 0x0009f000-0x0009ffff]
[    0.000000] PM: Registered nosave memory: [mem 0x000a0000-0x000effff]
[    0.000000] PM: Registered nosave memory: [mem 0x000f0000-0x000fffff]
[    0.000000] e820: [mem 0x60000000-0xfebfffff] available for PCI devices
[    0.000000] Booting paravirtualized kernel on KVM
[    0.000000] clocksource: refined-jiffies: mask: 0xffffffff max_cycles: 0xffffffff, max_idle_ns: 7645519600211568 ns
[    0.000000] setup_percpu: NR_CPUS:8 nr_cpumask_bits:8 nr_cpu_ids:2 nr_node_ids:1
[    0.000000] PERCPU: Embedded 19 pages/cpu @f76b0000 s47436 r0 d30388 u77824
[    0.000000] PV qspinlock hash table entries: 512 (order: 0, 4096 bytes)
[    0.000000] Built 1 zonelists in Zone order, mobility grouping on.  Total pages: 390872
[    0.000000] Kernel command line: BOOT_IMAGE=/boot/vmlinuz-4.4.0-78-generic root=LABEL=cloudimg-rootfs ro console=tty1 console=ttyS0
[    0.000000] PID hash table entries: 4096 (order: 2, 16384 bytes)
[    0.000000] Dentry cache hash table entries: 131072 (order: 7, 524288 bytes)
[    0.000000] Inode-cache hash table entries: 65536 (order: 6, 262144 bytes)
[    0.000000] Initializing CPU#0
[    0.000000] Initializing HighMem for node 0 (00037bfe:0005fff0)
[    0.000000] Initializing Movable for node 0 (00000000:00000000)
[    0.000000] Memory: 1531276K/1572408K available (7958K kernel code, 766K rwdata, 3164K rodata, 940K init, 800K bss, 41132K reserved, 0K cma-reserved, 659400K highmem)
[    0.000000] virtual kernel memory layout:
[    0.000000]     fixmap  : 0xfff15000 - 0xfffff000   ( 936 kB)
[    0.000000]     pkmap   : 0xffc00000 - 0xffe00000   (2048 kB)
[    0.000000]     vmalloc : 0xf83fe000 - 0xffbfe000   ( 120 MB)
[    0.000000]     lowmem  : 0xc0000000 - 0xf7bfe000   ( 891 MB)
[    0.000000]       .init : 0xc1b9f000 - 0xc1c8a000   ( 940 kB)
[    0.000000]       .data : 0xc17c5b8b - 0xc1b9db40   (3935 kB)
[    0.000000]       .text : 0xc1000000 - 0xc17c5b8b   (7958 kB)
[    0.000000] Checking if this processor honours the WP bit even in supervisor mode...Ok.
[    0.000000] SLUB: HWalign=64, Order=0-3, MinObjects=0, CPUs=2, Nodes=1
[    0.000000] Hierarchical RCU implementation.
[    0.000000] 	Build-time adjustment of leaf fanout to 32.
[    0.000000] 	RCU restricting CPUs from NR_CPUS=8 to nr_cpu_ids=2.
[    0.000000] RCU: Adjusting geometry for rcu_fanout_leaf=32, nr_cpu_ids=2
[    0.000000] NR_IRQS:2304 nr_irqs:440 16
[    0.000000] Console: colour VGA+ 80x25
[    0.000000] console [tty1] enabled
[    0.000000] console [ttyS0] enabled
[    0.000000] allocated 1572864 bytes of page_ext
[    0.000000] tsc: Detected 2400.002 MHz processor
[    4.175761] Calibrating delay loop (skipped) preset value.. 4800.00 BogoMIPS (lpj=9600008)
[    4.247504] pid_max: default: 32768 minimum: 301
[    4.263150] ACPI: Core revision 20150930
[    4.294610] ACPI: 2 ACPI AML tables successfully acquired and loaded
[    4.313135] Security Framework initialized
[    4.356909] Yama: becoming mindful.
[    4.364906] AppArmor: AppArmor initialized
[    4.365843] Mount-cache hash table entries: 2048 (order: 1, 8192 bytes)
[    4.398046] Mountpoint-cache hash table entries: 2048 (order: 1, 8192 bytes)
[    4.425584] Initializing cgroup subsys io
[    4.446556] Initializing cgroup subsys memory
[    4.464246] Initializing cgroup subsys devices
[    4.498690] Initializing cgroup subsys freezer
[    4.499704] Initializing cgroup subsys net_cls
[    4.504720] Initializing cgroup subsys perf_event
[    4.584434] Initializing cgroup subsys net_prio
[    4.631813] Initializing cgroup subsys hugetlb
[    4.688163] Initializing cgroup subsys pids
[    4.739922] CPU: Physical Processor ID: 0
[    4.768855] CPU: Processor Core ID: 0
[    4.775305] mce: CPU supports 0 MCE banks
[    4.788187] Last level iTLB entries: 4KB 64, 2MB 8, 4MB 8
[    4.809873] Last level dTLB entries: 4KB 64, 2MB 0, 4MB 0, 1GB 4
[    4.878539] Freeing SMP alternatives memory: 28K (c1c8a000 - c1c91000)
[    4.958224] ftrace: allocating 31402 entries in 62 pages
[    5.024376] smpboot: APIC(0) Converting physical 0 to logical package 0
[    5.114893] smpboot: Max logical packages: 1
[    5.124368] Enabling APIC mode:  Flat.  Using 1 I/O APICs
[    5.138989] ..TIMER: vector=0x30 apic1=0 pin1=2 apic2=-1 pin2=-1
[    5.267128] APIC calibration not consistent with PM-Timer: 96ms instead of 100ms
[    5.310233] APIC delta adjusted to PM-Timer: 6392563 (6149276)
[    5.365044] smpboot: CPU0: Intel(R) Core(TM) i5-6200U CPU @ 2.30GHz (family: 0x6, model: 0x4e, stepping: 0x3)
[    5.381394] Performance Events: unsupported p6 CPU model 78 no PMU driver, software events only.
[    5.395727] KVM setup paravirtual spinlock
[    5.455135] x86: Booting SMP configuration:
[    5.463740] .... node  #0, CPUs:      #1
[1266874884.403956] Initializing CPU#1
[    5.502840] kvm-clock: cpu 1, msr 0:37bfd041, secondary cpu clock
[    5.509245] mce: CPU supports 0 MCE banks
[    5.528280] x86: Booted up 1 node, 2 CPUs
[    5.566172] smpboot: Total of 2 processors activated (9600.00 BogoMIPS)
[    5.623358] devtmpfs: initialized
[    5.666945] evm: security.selinux
[    5.701538] evm: security.SMACK64
[    5.712158] evm: security.SMACK64EXEC
[    5.735084] evm: security.SMACK64TRANSMUTE
[    5.758308] evm: security.SMACK64MMAP
[    5.759411] evm: security.ima
[    5.760287] evm: security.capability
[    5.768714] clocksource: jiffies: mask: 0xffffffff max_cycles: 0xffffffff, max_idle_ns: 7645041785100000 ns
[    5.811163] futex hash table entries: 512 (order: 3, 32768 bytes)
[    5.836982] pinctrl core: initialized pinctrl subsystem
[    5.846966] RTC time: 11:22:32, date: 05/20/17
[    5.856911] NET: Registered protocol family 16
[    5.889430] EISA bus registered
[    5.901866] cpuidle: using governor ladder
[    5.980050] cpuidle: using governor menu
[    6.013782] PCCT header not found.
[    6.057735] ACPI: bus type PCI registered
[    6.106101] acpiphp: ACPI Hot Plug PCI Controller Driver version: 0.5
[    6.111746] PCI : PCI BIOS area is rw and x. Use pci=nobios if you want it NX.
[    6.113306] PCI: PCI BIOS revision 2.10 entry at 0xfda26, last bus=0
[    6.114596] PCI: Using configuration type 1 for base access
[    6.128056] ACPI: Added _OSI(Module Device)
[    6.144825] ACPI: Added _OSI(Processor Device)
[    6.147203] ACPI: Added _OSI(3.0 _SCP Extensions)
[    6.159333] ACPI: Added _OSI(Processor Aggregator Device)
[    6.161588] ACPI: Executed 1 blocks of module-level executable AML code
[    6.166026] ACPI: Interpreter enabled
[    6.175493] ACPI: (supports S0 S5)
[    6.176472] ACPI: Using IOAPIC for interrupt routing
[    6.218219] PCI: Using host bridge windows from ACPI; if necessary, use "pci=nocrs" and report a bug
[    6.276762] ACPI: PCI Root Bridge [PCI0] (domain 0000 [bus 00-ff])
[    6.296609] acpi PNP0A03:00: _OSC: OS supports [ASPM ClockPM Segments MSI]
[    6.384926] acpi PNP0A03:00: _OSC failed (AE_NOT_FOUND); disabling ASPM
[    6.418809] acpi PNP0A03:00: fail to add MMCONFIG information, can't access extended PCI configuration space under this bridge.
[    6.544073] PCI host bridge to bus 0000:00
[    6.590560] pci_bus 0000:00: root bus resource [io  0x0000-0x0cf7 window]
[    6.595304] pci_bus 0000:00: root bus resource [io  0x0d00-0xffff window]
[    6.633932] pci_bus 0000:00: root bus resource [mem 0x000a0000-0x000bffff window]
[    6.664395] pci_bus 0000:00: root bus resource [mem 0x60000000-0xffdfffff window]
[    6.690564] pci_bus 0000:00: root bus resource [bus 00-ff]
[    6.732208] pci 0000:00:01.1: legacy IDE quirk: reg 0x10: [io  0x01f0-0x01f7]
[    6.764849] pci 0000:00:01.1: legacy IDE quirk: reg 0x14: [io  0x03f6]
[    6.767973] pci 0000:00:01.1: legacy IDE quirk: reg 0x18: [io  0x0170-0x0177]
[    6.785897] pci 0000:00:01.1: legacy IDE quirk: reg 0x1c: [io  0x0376]
[    6.916345] pci 0000:00:07.0: quirk: [io  0x4000-0x403f] claimed by PIIX4 ACPI
[    6.975370] pci 0000:00:07.0: quirk: [io  0x4100-0x410f] claimed by PIIX4 SMB
[    7.028379] ACPI: PCI Interrupt Link [LNKA] (IRQs 5 9 10 *11)
[    7.041937] ACPI: PCI Interrupt Link [LNKB] (IRQs 5 9 10 *11)
[    7.082005] ACPI: PCI Interrupt Link [LNKC] (IRQs 5 9 *10 11)
[    7.116422] ACPI: PCI Interrupt Link [LNKD] (IRQs 5 *9 10 11)
[    7.194379] ACPI: Enabled 2 GPEs in block 00 to 07
[    7.213821] vgaarb: setting as boot device: PCI:0000:00:02.0
[    7.214937] vgaarb: device added: PCI:0000:00:02.0,decodes=io+mem,owns=io+mem,locks=none
[    7.258634] vgaarb: loaded
[    7.283877] vgaarb: bridge control possible 0000:00:02.0
[    7.293035] SCSI subsystem initialized
[    7.327429] ACPI: bus type USB registered
[    7.368899] usbcore: registered new interface driver usbfs
[    7.457960] usbcore: registered new interface driver hub
[    7.459304] usbcore: registered new device driver usb
[    7.514141] PCI: Using ACPI for IRQ routing
[    7.538327] NetLabel: Initializing
[    7.547795] NetLabel:  domain hash size = 128
[    7.550141] NetLabel:  protocols = UNLABELED CIPSOv4
[    7.595602] NetLabel:  unlabeled traffic allowed by default
[    7.603700] amd_nb: Cannot enumerate AMD northbridges
[    7.643167] clocksource: Switched to clocksource kvm-clock
[    7.675250] AppArmor: AppArmor Filesystem Enabled
[    7.680377] pnp: PnP ACPI init
[    7.708033] pnp: PnP ACPI: found 3 devices
[    7.709679] PnPBIOS: Disabled by ACPI PNP
[    7.797935] clocksource: acpi_pm: mask: 0xffffff max_cycles: 0xffffff, max_idle_ns: 2085701024 ns
[    7.860201] NET: Registered protocol family 2
[    7.898535] TCP established hash table entries: 8192 (order: 3, 32768 bytes)
[    7.914729] TCP bind hash table entries: 8192 (order: 4, 65536 bytes)
[    7.942970] TCP: Hash tables configured (established 8192 bind 8192)
[    8.060466] UDP hash table entries: 512 (order: 2, 16384 bytes)
[    8.172302] UDP-Lite hash table entries: 512 (order: 2, 16384 bytes)
[    8.254995] NET: Registered protocol family 1
[    8.295951] pci 0000:00:00.0: Limiting direct PCI/PCI transfers
[    8.313417] pci 0000:00:01.0: Activating ISA DMA hang workarounds
[    8.327734] Unpacking initramfs...
[   10.753025] Freeing initrd memory: 10836K (f6ac6000 - f755b000)
[   10.804749] platform rtc_cmos: registered platform RTC device (no PNP device found)
[   10.861104] Scanning for low memory corruption every 60 seconds
[   10.867120] audit: initializing netlink subsys (disabled)
[   10.897881] audit: type=2000 audit(1495279357.032:1): initialized
[   10.932257] Initialise system trusted keyring
[   10.946768] HugeTLB registered 2 MB page size, pre-allocated 0 pages
[   10.971257] zbud: loaded
[   10.975474] VFS: Disk quotas dquot_6.6.0
[   10.994866] VFS: Dquot-cache hash table entries: 1024 (order 0, 4096 bytes)
[   11.035471] squashfs: version 4.0 (2009/01/31) Phillip Lougher
[   11.128344] fuse init (API version 7.23)
[   11.157878] Key type big_key registered
[   11.172532] Allocating IMA MOK and blacklist keyrings.
[   11.198561] Key type asymmetric registered
[   11.246898] Asymmetric key parser 'x509' registered
[   11.297296] bounce: pool size: 64 pages
[   11.358534] Block layer SCSI generic (bsg) driver version 0.4 loaded (major 249)
[   11.397322] io scheduler noop registered
[   11.442807] io scheduler deadline registered (default)
[   11.524511] io scheduler cfq registered
[   11.578357] pci_hotplug: PCI Hot Plug PCI Core version: 0.5
[   11.595132] pciehp: PCI Express Hot Plug Controller Driver version: 0.4
[   11.603967] ACPI: AC Adapter [AC] (off-line)
[   11.608060] input: Power Button as /devices/LNXSYSTM:00/LNXPWRBN:00/input/input0
[   11.611915] ACPI: Power Button [PWRF]
[   11.615615] input: Sleep Button as /devices/LNXSYSTM:00/LNXSLPBN:00/input/input1
[   11.621633] ACPI: Sleep Button [SLPF]
[   11.623272] GHES: HEST is not enabled!
[   11.623308] ACPI: Battery Slot [BAT0] (battery present)
[   11.807796] tsc: Refined TSC clocksource calibration: 2398.310 MHz
[   11.807799] clocksource: tsc: mask: 0xffffffffffffffff max_cycles: 0x2291faee3b6, max_idle_ns: 440795282493 ns
[   12.049065] isapnp: Scanning for PnP cards...
[   12.084994] Serial: 8250/16550 driver, 32 ports, IRQ sharing enabled
[   12.117324] 00:02: ttyS0 at I/O 0x3f8 (irq = 4, base_baud = 115200) is a 16550A
[   12.160840] Linux agpgart interface v0.103
[   12.240341] loop: module loaded
[   12.264471] scsi host0: ata_piix
[   12.303730] scsi host1: ata_piix
[   12.313013] ata1: PATA max UDMA/33 cmd 0x1f0 ctl 0x3f6 bmdma 0xd000 irq 14
[   12.366826] ata2: PATA max UDMA/33 cmd 0x170 ctl 0x376 bmdma 0xd008 irq 15
[   12.402304] libphy: Fixed MDIO Bus: probed
[   12.403189] tun: Universal TUN/TAP device driver, 1.6
[   12.404259] tun: (C) 1999-2004 Max Krasnyansky <maxk@qualcomm.com>
[   12.405519] PPP generic driver version 2.4.2
[   12.406485] ehci_hcd: USB 2.0 'Enhanced' Host Controller (EHCI) Driver
[   12.409270] ehci-pci: EHCI PCI platform driver
[   12.410223] ehci-platform: EHCI generic platform driver
[   12.411303] ohci_hcd: USB 1.1 'Open' Host Controller (OHCI) Driver
[   12.436545] ohci-pci: OHCI PCI platform driver
[   12.437506] isapnp: No Plug & Play device found
[   12.610397] ohci-platform: OHCI generic platform driver
[   12.720550] uhci_hcd: USB Universal Host Controller Interface driver
[   12.778421] i8042: PNP: PS/2 Controller [PNP0303:PS2K,PNP0f03:PS2M] at 0x60,0x64 irq 1,12
[   12.909207] serio: i8042 KBD port at 0x60,0x64 irq 1
[   12.992116] serio: i8042 AUX port at 0x60,0x64 irq 12
[   13.032135] mousedev: PS/2 mouse device common for all mice
[   13.049352] rtc_cmos rtc_cmos: rtc core: registered rtc_cmos as rtc0
[   13.120469] rtc_cmos rtc_cmos: alarms up to one day, 114 bytes nvram
[   13.168925] i2c /dev entries driver
[   13.168997] input: AT Translated Set 2 keyboard as /devices/platform/i8042/serio0/input/input2
[   13.185081] device-mapper: uevent: version 1.0.3
[   13.195499] device-mapper: ioctl: 4.34.0-ioctl (2015-10-28) initialised: dm-devel@redhat.com
[   13.205808] platform eisa.0: Probing EISA bus 0
[   13.208576] platform eisa.0: EISA: Cannot allocate resource for mainboard
[   13.213031] platform eisa.0: Cannot allocate resource for EISA slot 1
[   13.214521] platform eisa.0: Cannot allocate resource for EISA slot 2
[   13.218599] platform eisa.0: Cannot allocate resource for EISA slot 3
[   13.240289] platform eisa.0: Cannot allocate resource for EISA slot 4
[   13.255550] platform eisa.0: Cannot allocate resource for EISA slot 5
[   13.267588] platform eisa.0: Cannot allocate resource for EISA slot 6
[   13.273788] platform eisa.0: Cannot allocate resource for EISA slot 7
[   13.282705] platform eisa.0: Cannot allocate resource for EISA slot 8
[   13.284008] platform eisa.0: EISA: Detected 0 cards
[   13.285131] cpufreq-nforce2: No nForce2 chipset.
[   13.286306] ledtrig-cpu: registered to indicate activity on CPUs
[   13.293075] NET: Registered protocol family 10
[   13.298457] NET: Registered protocol family 17
[   13.301180] Key type dns_resolver registered
[   13.302340] microcode: CPU0 sig=0x406e3, pf=0x2, revision=0x0
[   13.307648] microcode: CPU1 sig=0x406e3, pf=0x2, revision=0x0
[   13.313907] microcode: Microcode Update Driver: v2.01 <tigran@aivazian.fsnet.co.uk>, Peter Oruba
[   13.325662] Using IPI No-Shortcut mode
[   13.326979] registered taskstats version 1
[   13.330983] Loading compiled-in X.509 certificates
[   13.336268] Loaded X.509 cert 'Build time autogenerated kernel key: 7f7b4bf893129cf83296a565b7f3c803766a0f60'
[   13.356252] zswap: loaded using pool lzo/zbud
[   13.359804] Key type trusted registered
[   13.378038] Key type encrypted registered
[   13.386261] AppArmor: AppArmor sha1 policy hashing enabled
[   13.387383] ima: No TPM chip found, activating TPM-bypass!
[   13.388562] evm: HMAC attrs: 0x1
[   13.389615]   Magic number: 1:485:378
[   13.390808] rtc_cmos rtc_cmos: setting system clock to 2017-05-20 11:22:39 UTC (1495279359)
[   13.406536] BIOS EDD facility v0.16 2004-Jun-25, 0 devices found
[   13.415912] EDD information not available.
[   13.440361] Freeing unused kernel memory: 940K (c1b9f000 - c1c8a000)
[   13.469318] Write protecting the kernel text: 7960k
[   13.554768] Write protecting the kernel read-only data: 3168k
[   13.685968] NX-protecting the kernel data: 6376k
Loading, please wait...
starting version[   13.716658] random: systemd-udevd: uninitialized urandom read (16 bytes read, 2 bits of entropy available)
 229
[   13.718017] random: udevadm: uninitialized urandom read (16 bytes read, 2 bits of entropy available)
[   13.718084] random: udevadm: uninitialized urandom read (16 bytes read, 2 bits of entropy available)
[   13.718278] random: udevadm: uninitialized urandom read (16 bytes read, 2 bits of entropy available)
[   13.718416] random: udevadm: uninitialized urandom read (16 bytes read, 2 bits of entropy available)
[   13.718495] random: udevadm: uninitialized urandom read (16 bytes read, 2 bits of entropy available)
[   13.718585] random: udevadm: uninitialized urandom read (16 bytes read, 2 bits of entropy available)
[   13.718665] random: udevadm: uninitialized urandom read (16 bytes read, 2 bits of entropy available)
[   13.718755] random: udevadm: uninitialized urandom read (16 bytes read, 2 bits of entropy available)
[   13.718987] random: udevadm: uninitialized urandom read (16 bytes read, 2 bits of entropy available)
[   14.126974] Fusion MPT base driver 3.04.20
[   14.133938] Copyright (c) 1999-2008 LSI Corporation
[   14.159782] e1000: Intel(R) PRO/1000 Network Driver - version 7.3.21-k8-NAPI
[   14.182053] e1000: Copyright (c) 1999-2006 Intel Corporation.
[   14.235889] Fusion MPT SPI Host driver 3.04.20
[   14.441927] input: ImExPS/2 Generic Explorer Mouse as /devices/platform/i8042/serio1/input/input4
[   14.637535] e1000 0000:00:03.0 eth0: (PCI:33MHz:32-bit) 02:df:0e:95:57:39
[   14.682812] e1000 0000:00:03.0 eth0: Intel(R) PRO/1000 Network Connection
[   14.688270] mptbase: ioc0: Initiating bringup
[   14.704579] e1000 0000:00:03.0 enp0s3: renamed from eth0
[   14.767761] ioc0: LSI53C1030 A0: Capabilities={Initiator}
[   14.945133] scsi host2: ioc0: LSI53C1030 A0, FwRev=00000000h, Ports=1, MaxQ=256, IRQ=20
[   15.119994] scsi 2:0:0:0: Direct-Access     VBOX     HARDDISK         1.0  PQ: 0 ANSI: 5
[   15.186960] scsi target2:0:0: Beginning Domain Validation
[   15.232364] scsi target2:0:0: Domain Validation skipping write tests
[   15.246488] scsi target2:0:0: Ending Domain Validation
[   15.257117] scsi target2:0:0: asynchronous
[   15.262089] scsi 2:0:1:0: Direct-Access     VBOX     HARDDISK         1.0  PQ: 0 ANSI: 5
[   15.289810] scsi target2:0:1: Beginning Domain Validation
[   15.330140] scsi target2:0:1: Domain Validation skipping write tests
[   15.366971] scsi target2:0:1: Ending Domain Validation
[   15.379430] scsi target2:0:1: asynchronous
[   15.391728] sd 2:0:0:0: [sda] 20971520 512-byte logical blocks: (10.7 GB/10.0 GiB)
[   15.391783] sd 2:0:0:0: Attached scsi generic sg0 type 0
[   15.460034] sd 2:0:0:0: [sda] Write Protect is off
[   15.460551] sd 2:0:1:0: [sdb] 20480 512-byte logical blocks: (10.5 MB/10.0 MiB)
[   15.460704] sd 2:0:1:0: [sdb] Write Protect is off
[   15.460786] sd 2:0:1:0: [sdb] Incomplete mode parameter data
[   15.460787] sd 2:0:1:0: [sdb] Assuming drive cache: write through
[   15.515341] sd 2:0:1:0: Attached scsi generic sg1 type 0
[   15.519879] sd 2:0:1:0: [sdb] Attached SCSI disk
[   15.667309] sd 2:0:0:0: [sda] Incomplete mode parameter data
[   15.758054] sd 2:0:0:0: [sda] Assuming drive cache: write through
[   15.841047]  sda: sda1
[   15.871460] sd 2:0:0:0: [sda] Attached SCSI disk
[   17.152115] floppy0: no floppy controllers found
Begin: Loading e[   18.718164] md: linear personality registered for level -1
ssential drivers[   18.783059] md: multipath personality registered for level -4
 ... [   18.814434] md: raid0 personality registered for level 0
[   18.843289] md: raid1 personality registered for level 1
[   18.959491] raid6: mmxx1    gen()  3856 MB/s
[   19.075418] raid6: mmxx2    gen()  4584 MB/s
[   19.191209] raid6: sse1x1   gen()  3931 MB/s
[   19.323526] raid6: sse1x2   gen()  4880 MB/s
[   19.463344] raid6: sse2x1   gen()  8740 MB/s
[   19.563630] raid6: sse2x1   xor()  6457 MB/s
[   19.671420] raid6: sse2x2   gen() 10208 MB/s
[   19.759797] raid6: sse2x2   xor()  2570 MB/s
[   19.764087] raid6: using algorithm sse2x2 gen() 10208 MB/s
[   19.776277] raid6: .... xor() 2570 MB/s, rmw enabled
[   19.793611] raid6: using ssse3x1 recovery algorithm
[   19.820114] xor: automatically using best checksumming function:
[   19.867362]    avx       : 16528.000 MB/sec
[   19.886363] async_tx: api initialized (async)
[   19.939496] md: raid6 personality registered for level 6
[   19.972705] md: raid5 personality registered for level 5
[   20.004342] md: raid4 personality registered for level 4
[   20.078199] md: raid10 personality registered for level 10
done.
Begin: Running /scripts/init-premount ... done.
Begin: Mounting root file system ... Begin: Running /scripts/local-top ... done.
Begin: Running /scripts/local-premount ... [   20.259461] Btrfs loaded
Scanning for Btrfs filesystems
done.
Warning: fsck no[   20.400235] EXT4-fs (sda1): INFO: recovery required on readonly filesystem
t present, so sk[   20.439917] EXT4-fs (sda1): write access will be enabled during recovery
ipping root file system
[   20.709404] EXT4-fs (sda1): recovery complete
[   20.733932] EXT4-fs (sda1): mounted filesystem with ordered data mode. Opts: (null)
done.
Begin: Running /scripts/local-bottom ... done.
Begin: Running /scripts/init-bottom ... done.
[   21.195428] random: nonblocking pool is initialized
[   21.565098] systemd[1]: systemd 229 running in system mode. (+PAM +AUDIT +SELINUX +IMA +APPARMOR +SMACK +SYSVINIT +UTMP +LIBCRYPTSETUP +GCRYPT +GNUTLS +ACL +XZ -LZ4 +SECCOMP +BLKID +ELFUTILS +KMOD -IDN)
[   21.646302] systemd[1]: Detected virtualization oracle.
[   21.678452] systemd[1]: Detected architecture x86.

Welcome to [1mUbuntu 16.04.2 LTS[0m!

[   21.770842] systemd[1]: Set hostname to <ubuntu-xenial>.
[   22.599988] systemd[1]: Listening on Syslog Socket.
[[0;32m  OK  [0m] Listening on Syslog Socket.
[   22.667241] systemd[1]: Reached target Encrypted Volumes.
[[0;32m  OK  [0m] Reached target Encrypted Volumes.
[   22.732029] systemd[1]: Created slice System Slice.
[[0;32m  OK  [0m] Created slice System Slice.
[   22.772523] systemd[1]: Started Forward Password Requests to Wall Directory Watch.
[[0;32m  OK  [0m] Started Forward Password Requests to Wall Directory Watch.
[   22.824647] systemd[1]: Listening on udev Kernel Socket.
[[0;32m  OK  [0m] Listening on udev Kernel Socket.
[   22.883865] systemd[1]: Listening on Journal Socket.
[[0;32m  OK  [0m] Listening on Journal Socket.
[   22.924139] systemd[1]: Mounting POSIX Message Queue File System...
         Mounting POSIX Message Queue File System...
[   23.016056] systemd[1]: Starting Load Kernel Modules...
         Starting Load Kernel Modules...
[   23.114431] Loading iSCSI transport class v2.0-870.
[   23.142715] systemd[1]: Starting Create list of required static device nodes for the current kernel...
         Starting Create list of required st... nodes for the current kernel...
[   23.194559] systemd[1]: Starting Set console keymap...
         Startin[   23.244473] iscsi: registered transport (tcp)
g Set console keymap...
[   23.288334] systemd[1]: Listening on Journal Socket (/dev/log).
[[0;32m  OK  [0m] Listening on Journal Socket (/dev/log).
[   23.332420] systemd[1]: Started Trigger resolvconf update for networkd DNS.
[[0;32m  OK  [0m] Started Trigger resolvconf update for networkd DNS.
[   23.408504] systemd[1]: Reached target Swap.
[[0;32m  OK  [0m] Reached target Swap.
[   23.482594] iscsi: registered transport (iser)
[   23.483990] systemd[1]: Starting Uncomplicated firewall...
         Starting Uncomplicated firewall...
[   23.539933] systemd[1]: Listening on LVM2 metadata daemon socket.
[[0;32m  OK  [0m] Listening on LVM2 metadata daemon socket.
[   23.599781] systemd[1]: Starting Remount Root and Kernel File Systems...
[   23.614368] EXT4-fs (sda1): re-mounted. Opts: (null)
         Starting Remount Root and Kernel File Systems...
[   23.689973] systemd[1]: Created slice User and Session Slice.
[[0;32m  OK  [0m] Created slice User and Session Slice.
[   23.728481] systemd[1]: Reached target Slices.
[[0;32m  OK  [0m] Reached target Slices.
[   23.811896] systemd[1]: Listening on Device-mapper event daemon FIFOs.
[[0;32m  OK  [0m] Listening on Device-mapper event daemon FIFOs.
[   23.893170] systemd[1]: Starting Monitoring of LVM2 mirrors, snapshots etc. using dmeventd or progress polling...
         Starting Monitoring of LVM2 mirrors... dmeventd or progress polling...
[   24.008748] systemd[1]: Set up automount Arbitrary Executable File Formats File System Automount Point.
[[0;32m  OK  [0m] Set up automount Arbitrary Executab...ats File System Automount Point.
[   24.124673] systemd[1]: Mounting Huge Pages File System...
         Mounting Huge Pages File System...
[   24.188483] systemd[1]: Mounting Debug File System...
         Mounting Debug File System...
[   24.241298] systemd[1]: Reached target User and Group Name Lookups.
[[0;32m  OK  [0m] Reached target User and Group Name Lookups.
[   24.320300] systemd[1]: Starting Nameserver information manager...
         Starting Nameserver information manager...
[   24.428012] systemd[1]: Listening on LVM2 poll daemon socket.
[[0;32m  OK  [0m] Listening on LVM2 poll daemon socket.
[   24.492871] systemd[1]: Listening on /dev/initctl Compatibility Named Pipe.
[[0;32m  OK  [0m] Listening on /dev/initctl Compatibility Named Pipe.
[   24.554317] systemd[1]: Listening on Journal Audit Socket.
[[0;32m  OK  [0m] Listening on Journal Audit Socket.
[   24.658400] systemd[1]: Listening on udev Control Socket.
[[0;32m  OK  [0m] Listening on udev Control Socket.
[   24.760083] systemd[1]: Starting Journal Service...
         Starting Journal Service...
[   24.822344] systemd[1]: Created slice system-serial\x2dgetty.slice.
[[0;32m  OK  [0m] Created slice system-serial\x2dgetty.slice.
[   24.992452] systemd[1]: Mounted Debug File System.
[[0;32m  OK  [0m] Mounted Debug File System.
[   25.051800] systemd[1]: Mounted Huge Pages File System.
[[0;32m  OK  [0m] Mounted Huge Pages File System.
[   25.073080] systemd[1]: Mounted POSIX Message Queue File System.
[[0;32m  OK  [0m] Mounted POSIX Message Queue File System.
[   25.115964] systemd[1]: Started Journal Service.
[[0;32m  OK  [0m] Started Journal Service.
[[0;32m  OK  [0m] Started Load Kernel Modules.
[[0;32m  OK  [0m] Started Create list of required sta...ce nodes for the current kernel.
[[0;32m  OK  [0m] Started Set console keymap.
[[0;32m  OK  [0m] Started Uncomplicated firewall.
[[0;32m  OK  [0m] Started Remount Root and Kernel File Systems.
[[0;32m  OK  [0m] Started Nameserver information manager.
[[0;32m  OK  [0m] Started LVM2 metadata daemon.
         Starting Load/Save Random Seed...
         Starting Initial cloud-init job (pre-networking)...
         Starting udev Coldplug all Devices...
         Starting Create Static Device Nodes in /dev...
         Mounting FUSE Control File System...
         Starting Apply Kernel Variables...
         Starting Flush Journal to Persistent Storage...
[[0;32m  OK  [0m] Mounted FUSE Control File System.
[[0;32m  OK  [0m] Started Load/Save Random Seed.
[[0;32m  OK  [0m] Started Create Static Device Nodes in /dev.
[[0;32m  OK  [0m] Started Apply Kernel Variables.
[[0;32m  OK  [0m] Started udev Coldplug all Devices.
[[0;32m  OK  [0m] Started Flush Journal to Persistent Storage.
[[0;32m  OK  [0m] Started Monitoring of LVM2 mirrors,...ng dmeventd or progress polling.
         Starting udev Kernel Device Manager...
[[0;32m  OK  [0m] Started udev Kernel Device Manager.
[[0;32m  OK  [0m] Reached target Local File Systems (Pre).
[[0;32m  OK  [0m] Reached target Local File Systems.
         Starting Set console font and keymap...
         Starting LSB: AppArmor initialization...
         Starting Create Volatile Files and Directories...
         Starting Tell Plymouth To Write Out Runtime Data...
[[0;32m  OK  [0m] Started Dispatch Password Requests to Console Directory Watch.
[[0;32m  OK  [0m] Started Tell Plymouth To Write Out Runtime Data.
[[0;32m  OK  [0m] Found device /dev/ttyS0.
[[0;32m  OK  [0m] Started Create Volatile Files and Directories.
         Starting Update UTMP about System Boot/Shutdown...
[[0;32m  OK  [0m] Reached target System Time Synchronized.
[[0;32m  OK  [0m] Started Update UTMP about System Boot/Shutdown.
[[0;32m  OK  [0m] Found device 82540EM Gigabit Ethern...r (PRO/1000 MT Desktop Adapter).
[[0;32m  OK  [0m] Started Set console font and keymap.
[[0;32m  OK  [0m] Created slice system-getty.slice.
[[0;32m  OK  [0m] Listening on Load/Save RF Kill Switch Status /dev/rfkill Watch.
[[0;32m  OK  [0m] Started LSB: AppArmor initialization.
[   23.860469] cloud-init[433]: Cloud-init v. 0.7.9 running 'init-local' at Sat, 20 May 2017 11:22:55 +0000. Up 22.87 seconds.
[[0;32m  OK  [0m] Started Initial cloud-init job (pre-networking).
[[0;32m  OK  [0m] Reached target Network (Pre).
         Starting Raise network interfaces...
[[0;32m  OK  [0m] Started ifup for enp0s3.
[[0;32m  OK  [0m] Started Raise network interfaces.
         Starting Initial cloud-init job (metadata service crawler)...
[[0;32m  OK  [0m] Reached target Network.
[   26.523871] cloud-init[969]: Cloud-init v. 0.7.9 running 'init' at Sat, 20 May 2017 11:22:58 +0000. Up 25.54 seconds.
[   26.629407] cloud-init[969]: ci-info: +++++++++++++++++++++++++++++++++++++Net device info+++++++++++++++++++++++++++++++++++++
[   26.630400] cloud-init[969]: ci-info: +--------+------+---------------------------+---------------+-------+-------------------+
[[0;32m  OK  [0m] Started Initial cloud-init job (metadata service crawler).
[   26.630870] cloud-init[969]: ci-info: | Device |  Up  |          Address          |      Mask     | Scope |     Hw-Address    |
[   26.933426] cloud-init[969]: ci-info: +--------+------+---------------------------+---------------+-------+-------------------+
[   26.934439] cloud-init[969]: ci-info: |   lo   | True |         127.0.0.1         |   255.0.0.0   |   .   |         .         |
[[0;32m  OK  [0m] Reached target System Initialization.
[   26.934989] cloud-init[969]: ci-info: |   lo   | True |          ::1/128          |       .       |  host |         .         |
[   27.148730] cloud-init[969]: ci-info: | enp0s3 | True |         10.0.2.15         | 255.255.255.0 |   .   | 02:df:0e:95:57:39 |
[   27.149975] cloud-init[969]: ci-info: | enp0s3 | True | fe80::df:eff:fe95:5739/64 |       .       |  link | 02:df:0e:95:57:39 |
[[0;32m  OK  [0m] Started Timer to automatically refresh installed snaps.
[   27.150556] cloud-init[969]: ci-info: +--------+------+---------------------------+---------------+-------+-------------------+
[   27.253558] cloud-init[969]: ci-info: +++++++++++++++++++++++++++Route IPv4 info++++++++++++++++++++++++++++
[[0;32m  OK  [0m] Started Daily Cleanup of Temporary Directories.
[   27.253874] cloud-init[969]: ci-info: +-------+-------------+----------+---------------+-----------+-------+
[   27.382907] cloud-init[969]: ci-info: | Route | Destination | Gateway  |    Genmask    | Interface | Flags |
[[0;32m  OK  [0m] Listening on D-Bus System Message Bus Socket.
[   27.383378] cloud-init[969]: ci-info: +-------+-------------+----------+---------------+-----------+-------+
[   27.718423] cloud-init[969]: ci-info: |   0   |   0.0.0.0   | 10.0.2.2 |    0.0.0.0    |   enp0s3  |   UG  |
[   27.719441] cloud-init[969]: ci-info: |   1   |   10.0.2.0  | 0.0.0.0  | 255.255.255.0 |   enp0s3  |   U   |
         Starting LXD - unix socket.
[   27.719971] cloud-init[969]: ci-info: +-------+-------------+----------+---------------+-----------+-------+
[[0;32m  OK  [0m] Listening on ACPID Listen Socket.
         Starting Socket activation for snappy daemon.
[[0;32m  OK  [0m] Listening on UUID daemon activation socket.
[[0;32m  OK  [0m] Started Daily apt activities.
[[0;32m  OK  [0m] Reached target Timers.
[[0;32m  OK  [0m] Started ACPI Events Check.
[[0;32m  OK  [0m] Reached target Paths.
[[0;32m  OK  [0m] Reached target Network is Online.
         Starting iSCSI initiator daemon (iscsid)...
[[0;32m  OK  [0m] Reached target Cloud-config availability.
[[0;32m  OK  [0m] Listening on LXD - unix socket.
[[0;32m  OK  [0m] Listening on Socket activation for snappy daemon.
[[0;32m  OK  [0m] Started iSCSI initiator daemon (iscsid).
         Starting Login to default iSCSI targets...
[[0;32m  OK  [0m] Reached target Sockets.
[[0;32m  OK  [0m] Reached target Basic System.
         Starting vboxadd.service...
         Starting Apply the settings specified in cloud-config...
         Starting Login Service...
         Starting System Logging Service...
         Starting vboxadd-x11.service...
         Starting OpenBSD Secure Shell server...
[[0;32m  OK  [0m] Started D-Bus System Message Bus.
[[0;32m  OK  [0m] Started Snappy daemon.
         Starting Auto import assertions from block devices...
[[0;32m  OK  [0m] Started Unattended Upgrades Shutdown.
         Starting LSB: Record successful boot for GRUB...
         Starting /etc/rc.local Compatibility...
         Starting Advanced key-value store...
[[0;32m  OK  [0m] Started FUSE filesystem for LXC.
         Starting LXD - container startup/shutdown...
[[0;32m  OK  [0m] Started ACPI event daemon.
[[0;32m  OK  [0m] Started Deferred execution scheduler.
         Starting LSB: MD monitoring daemon...
[[0;32m  OK  [0m] Started Regular background program processing daemon.
         Starting Accounts Service...
[[0;32m  OK  [0m] Started System Logging Service.
[[0;32m  OK  [0m] Started OpenBSD Secure Shell server.
[[0;32m  OK  [0m] Started vboxadd.service.
[[0;32m  OK  [0m] Started vboxadd-x11.service.
[[0;32m  OK  [0m] Started Auto import assertions from block devices.
[[0;32m  OK  [0m] Started /etc/rc.local Compatibility.
[   29.919027] cloud-init[1033]: Cloud-init v. 0.7.9 running 'modules:config' at Sat, 20 May 2017 11:23:02 +0000. Up 29.36 seconds.
[[0;32m  OK  [0m] Started Apply the settings specified in cloud-config.
[[0;32m  OK  [0m] Started Login to default iSCSI targets.
[[0;32m  OK  [0m] Started Login Service.
[[0;32m  OK  [0m] Reached target Remote File Systems (Pre).
[[0;32m  OK  [0m] Reached target Remote File Systems.
         Starting LSB: Set the CPU Frequency Scaling governor to "ondemand"...
         Starting LSB: automatic crash report generation...
         Starting Permit User Sessions...
         Starting LSB: daemon to balance interrupts for SMP systems...
         Starting vboxadd-service.service...
[[0;32m  OK  [0m] Started LSB: Record successful boot for GRUB.
[[0;32m  OK  [0m] Started LSB: MD monitoring daemon.
[[0;32m  OK  [0m] Started Permit User Sessions.
[[0;32m  OK  [0m] Started Advanced key-value store.
[[0;32m  OK  [0m] Started LSB: Set the CPU Frequency Scaling governor to "ondemand".
[[0;32m  OK  [0m] Started vboxadd-service.service.
         Starting Authenticate and Authorize Users to Run Privileged Tasks...
         Starting Terminate Plymouth Boot Screen...
         Starting Hold until boot process finishes up...
[[0;32m  OK  [0m] Started LSB: automatic crash report generation.
[[0;32m  OK  [0m] Started LSB: daemon to balance interrupts for SMP systems.
[[0;32m  OK  [0m] Started Terminate Plymouth Boot Screen.
[[0;32m  OK  [0m] Started Hold until boot process finishes up.
         Starting Set console scheme...
[[0;32m  OK  [0m] Started Serial Getty on ttyS0.
[[0;32m  OK  [0m] Started Getty on tty1.
[[0;32m  OK  [0m] Reached target Login Prompts.
[[0;32m  OK  [0m] Started LXD - container startup/shutdown.
[[0;32m  OK  [0m] Started Set console scheme.
[[0;32m  OK  [0m] Started Authenticate and Authorize Users to Run Privileged Tasks.
[[0;32m  OK  [0m] Started Accounts Service.
[[0;32m  OK  [0m] Reached target Multi-User System.
[[0;32m  OK  [0m] Reached target Graphical Interface.
         Starting Update UTMP about System Runlevel Changes...
         Starting Execute cloud user/final scripts...
[[0;32m  OK  [0m] Started Update UTMP about System Runlevel Changes.
[   31.863551] cloud-init[1291]: Cloud-init v. 0.7.9 running 'modules:final' at Sat, 20 May 2017 11:23:04 +0000. Up 31.67 seconds.
[   31.925615] [cloud-init[0;32m  OK  [0m[1291]: ] Cloud-init v. 0.7.9 finished at Sat, 20 May 2017 11:23:04 +0000. Datasource DataSourceNoCloud [seed=/dev/sdb][dsmode=net].  Up 31.85 secondsStarted Execute cloud user/final scripts.

[[0;32m  OK  [0m] Reached target Cloud-init target.

Ubuntu 16.04.2 LTS ubuntu-xenial ttyS0

ubuntu-xenial login: 